<?xml version="1.0" encoding="UTF-8"?>
<!-- Generated by org.testng.reporters.JUnitReportReporter -->
<testsuite hostname="Fidas-MacBook-Pro.local" failures="0" tests="4" name="self.SpiceJet.SignIn.SignInTest" time="24.685" errors="0" timestamp="2020-04-25T04:18:15 EDT" skipped="0">
  <testcase classname="self.SpiceJet.SignIn.SignInTest" name="clickOnSubmitButton" time="16.942"/>
  <system-out/>
  <testcase classname="self.SpiceJet.SignIn.SignInTest" name="signInUserName" time="1.052"/>
  <system-out/>
  <testcase classname="self.SpiceJet.SignIn.SignInTest" name="logOutCurrentUser" time="6.521"/>
  <system-out/>
  <testcase classname="self.SpiceJet.SignIn.SignInTest" name="signInPassWord" time="0.170"/>
  <system-out/>
</testsuite> <!-- self.SpiceJet.SignIn.SignInTest -->
