<?xml version="1.0" encoding="UTF-8"?>
<!-- Generated by org.testng.reporters.JUnitReportReporter -->
<testsuite hostname="Fidas-MacBook-Pro.local" failures="0" tests="1" name="self.SpiceJet.OneWayTripWorkFlow.CurrencyPickerTest" time="0.072" errors="0" timestamp="2020-04-25T04:18:15 EDT" skipped="0">
  <testcase classname="self.SpiceJet.OneWayTripWorkFlow.CurrencyPickerTest" name="pickCurrency" time="0.072"/>
  <system-out/>
</testsuite> <!-- self.SpiceJet.OneWayTripWorkFlow.CurrencyPickerTest -->
