<?xml version="1.0" encoding="UTF-8"?>
<!-- Generated by org.testng.reporters.JUnitReportReporter -->
<testsuite hostname="Fidas-MacBook-Pro.local" failures="0" tests="2" name="self.SpiceJet.OneWayTripWorkFlow.CityPickerTest" time="1.182" errors="0" timestamp="2020-04-25T04:18:15 EDT" skipped="0">
  <testcase classname="self.SpiceJet.OneWayTripWorkFlow.CityPickerTest" name="selectDepCity" time="0.950"/>
  <system-out/>
  <testcase classname="self.SpiceJet.OneWayTripWorkFlow.CityPickerTest" name="selectArrCity" time="0.232"/>
  <system-out/>
</testsuite> <!-- self.SpiceJet.OneWayTripWorkFlow.CityPickerTest -->
