<?xml version="1.0" encoding="UTF-8"?>
<!-- Generated by org.testng.reporters.JUnitReportReporter -->
<testsuite hostname="Fidas-MacBook-Pro.local" failures="0" tests="2" name="self.SpiceJet.OneWayTripWorkFlow.DatePickerTest" time="1.419" errors="0" timestamp="2020-04-25T04:18:15 EDT" skipped="0">
  <testcase classname="self.SpiceJet.OneWayTripWorkFlow.DatePickerTest" name="openDepartDateBox" time="0.156"/>
  <system-out/>
  <testcase classname="self.SpiceJet.OneWayTripWorkFlow.DatePickerTest" name="selectDate" time="1.263"/>
  <system-out/>
</testsuite> <!-- self.SpiceJet.OneWayTripWorkFlow.DatePickerTest -->
