<?xml version="1.0" encoding="UTF-8"?>
<!-- Generated by org.testng.reporters.JUnitReportReporter -->
<testsuite hostname="Fidas-MacBook-Pro.local" failures="0" tests="1" name="self.SpiceJet.OneWayTripWorkFlow.PaxPickerTest" time="0.799" errors="0" timestamp="2020-04-25T04:18:15 EDT" skipped="0">
  <testcase classname="self.SpiceJet.OneWayTripWorkFlow.PaxPickerTest" name="pickPax" time="0.799"/>
  <system-out/>
</testsuite> <!-- self.SpiceJet.OneWayTripWorkFlow.PaxPickerTest -->
